make all --print-data-base --no-builtin-variables --no-builtin-rules --question
# GNU Make 3.81
# Copyright (C) 2006  Free Software Foundation, Inc.
# This is free software; see the source for copying conditions.
# There is NO warranty; not even for MERCHANTABILITY or FITNESS FOR A
# PARTICULAR PURPOSE.

# This program built for i386-apple-darwin11.3.0

# Make data base, printed on Sun Jun 26 09:38:18 2022

# Variables

# automatic
<D = $(patsubst %/,%,$(dir $<))
# automatic
?F = $(notdir $?)
# environment
VIRTUALENVWRAPPER_PROJECT_FILENAME = .project
# environment
LC_CTYPE = 
# environment
VSCODE_LOG_NATIVE = false
# automatic
?D = $(patsubst %/,%,$(dir $?))
# environment
CPPFLAGS = -I/usr/local/opt/zlib/include
# automatic
@D = $(patsubst %/,%,$(dir $@))
# automatic
@F = $(notdir $@)
# makefile
CURDIR := /Users/zhangli/Downloads/学习/程序/c:c++项目学习/cpp-framework
# makefile (from `Makefile', line 42)
SHELL = /bin/sh
# makefile (from `Makefile', line 48)
RM = /Applications/CMake.app/Contents/bin/cmake -E remove -f
# environment
VSCODE_NLS_CONFIG = {"locale":"zh-cn","availableLanguages":{"*":"zh-cn"},"_languagePackId":"bbca1a7059cee8a1b93da8947fee1c4f.zh-cn","_translationsConfigFile":"/Users/zhangli/Library/Application Support/Code/clp/bbca1a7059cee8a1b93da8947fee1c4f.zh-cn/tcf.json","_cacheRoot":"/Users/zhangli/Library/Application Support/Code/clp/bbca1a7059cee8a1b93da8947fee1c4f.zh-cn","_resolvedLanguagePackCoreLocation":"/Users/zhangli/Library/Application Support/Code/clp/bbca1a7059cee8a1b93da8947fee1c4f.zh-cn/30d9c6cd9483b2cc586687151bcbcd635f373630","_corruptedFile":"/Users/zhangli/Library/Application Support/Code/clp/bbca1a7059cee8a1b93da8947fee1c4f.zh-cn/corrupted.info","_languagePackSupport":true}
# environment
_ = /usr/bin/make
# makefile (from `Makefile', line 57)
CMAKE_BINARY_DIR = /Users/zhangli/dw/学习/程序/c:c++项目学习/cpp-framework
# makefile (from `Makefile', line 1)
MAKEFILE_LIST :=  Makefile
# environment
GO111MODULE = on
# environment
SCALA_HOME = /Users/zhangli/Downloads/scala-2.10.4
# environment
VSCODE_VERBOSE_LOGGING = true
# environment
VSCODE_IPC_HOOK_EXTHOST = /var/folders/2g/d27fqh0s1x15sknzqypt6cd00000gn/T/vscode-ipc-2e525240-ba38-469e-b2a6-62a4abae53c3.sock
# environment
VSCODE_CWD = /
# environment
GOPROXY = https://goproxy.cn,direct
# environment
PATH = /usr/local/opt/ruby@2.7/bin:/usr/local/protobuf/bin:/usr/local/Cellar/php@7.3/7.3.18/bin:/Users/zhangli/.pyenv/shims:/Library/Frameworks/Python.framework/Versions/3.6/bin:/usr/local/bin:/usr/bin:/bin:/usr/sbin:/sbin:/usr/local/go/bin:/usr/local/go/bin:/Users/zhangli/Downloads/scala-2.10.4/bin
# environment
LSCOLORS = gxfxcxdxegedabagacad
# environment
VSCODE_HANDLES_UNCAUGHT_ERRORS = true
# environment
PROTOBUF = /usr/local/protobuf
# environment
PYTHON_ENV = development
# environment
GOPATH = /var/src/go
# environment
VIRTUALENVWRAPPER_PYTHON = /usr/bin/python
# environment
LaunchInstanceID = E096010F-92DD-4DA0-A9B1-290E05A1A562
# environment
VSCODE_LOG_STACK = false
# environment
ELECTRON_RUN_AS_NODE = 1
# environment
PYENV_ROOT = /usr/local/var/pyenv
# environment
LDFLAGS = -L/usr/local/opt/zlib/lib
# default
.FEATURES := target-specific order-only second-expansion else-if archives jobserver check-symlink
# environment
VIRTUALENVWRAPPER_HOOK_DIR = /Users/zhangli/workspace
# environment
SSH_AUTH_SOCK = /private/tmp/com.apple.launchd.1n0MoqZeTF/Listeners
# automatic
%F = $(notdir $%)
# environment
VSCODE_PIPE_LOGGING = true
# environment
PWD = /Users/zhangli/Downloads/学习/程序/c:c++项目学习/cpp-framework
# environment
PKG_CONFIG_PATH = /usr/local/opt/zlib/lib/pkgconfig
# environment
ORIGINAL_XDG_CURRENT_DESKTOP = undefined
# environment
VSCODE_AMD_ENTRYPOINT = vs/workbench/api/node/extensionHostProcess
# environment
PYENV_SHELL = zsh
# environment
HOME = /Users/zhangli
# default
MAKEFILEPATH = $(shell /usr/bin/xcode-select -print-path 2>/dev/null || echo /Developer)/Makefiles
# environment
VSCODE_CODE_CACHE_PATH = /Users/zhangli/Library/Application Support/Code/CachedData/30d9c6cd9483b2cc586687151bcbcd635f373630
# environment
LOGNAME = zhangli
# environment
APPLICATION_INSIGHTS_NO_DIAGNOSTIC_CHANNEL = 1
# makefile (from `Makefile', line 51)
EQUALS = =
# environment
ZSH = /Users/zhangli/.oh-my-zsh
# environment
WORKON_HOME = /Users/zhangli/workspace
# automatic
^D = $(patsubst %/,%,$(dir $^))
# makefile (from `Makefile', line 27)
VERBOSE = 1
# environment
XPC_FLAGS = 0x0
# default
MAKE = $(MAKE_COMMAND)
# default
MAKECMDGOALS := all
# environment
SHLVL = 1
# default
MAKE_VERSION := 3.81
# environment
USER = zhangli
# makefile
.DEFAULT_GOAL := default_target
# makefile (from `Makefile', line 54)
CMAKE_SOURCE_DIR = /Users/zhangli/dw/学习/程序/c:c++项目学习/cpp-framework
# environment
LESS = -R
# automatic
%D = $(patsubst %/,%,$(dir $%))
# default
MAKE_COMMAND := /Library/Developer/CommandLineTools/usr/bin/make
# default
.VARIABLES := 
# environment
TMPDIR = /var/folders/2g/d27fqh0s1x15sknzqypt6cd00000gn/T/
# automatic
*F = $(notdir $*)
# environment
VSCODE_IPC_HOOK = /Users/zhangli/Library/Application Support/Code/1.68.1-main.sock
# makefile
MAKEFLAGS = Rrqp
# environment
MFLAGS = -Rrqp
# automatic
*D = $(patsubst %/,%,$(dir $*))
# environment
XPC_SERVICE_NAME = com.microsoft.VSCode.23680
# automatic
+D = $(patsubst %/,%,$(dir $+))
# automatic
+F = $(notdir $+)
# environment
__CF_USER_TEXT_ENCODING = 0x1F5:0x19:0x34
# default
MAKEFILES := 
# environment
VIRTUALENVWRAPPER_WORKON_CD = 1
# environment
HOMEBREW_NO_AUTO_UPDATE = true
# automatic
<F = $(notdir $<)
# environment
VIRTUALENVWRAPPER_SCRIPT = /usr/local/bin/virtualenvwrapper.sh
# environment
PAGER = less
# environment
LC_ALL = C
# environment
SECURITYSESSIONID = 186a6
# makefile (from `Makefile', line 45)
CMAKE_COMMAND = /Applications/CMake.app/Contents/bin/cmake
# automatic
^F = $(notdir $^)
# makefile (from `Makefile', line 21)
SUFFIXES = 
# default
.INCLUDE_DIRS = /usr/include /usr/local/include /usr/include
# environment
MAKELEVEL := 0
# environment
LANG = C
# environment
TERM = xterm-color
# environment
VSCODE_PID = 24040
# variable set hash-table stats:
# Load=92/1024=9%, Rehash=0, Collisions=4/128=3%

# Pattern-specific Variable Values

# No pattern-specific variable values.

# Directories

# . (device 16777221, inode 87753470): 16 files, no impossibilities.

# 16 files, no impossibilities in 1 directories.

# Implicit Rules

%.hpux_make_needs_suffix_list:

# 1 implicit rules, 0 (0.0%) terminal.

# Files

cmake_force:
#  Phony target (prerequisite of .PHONY).
#  Implicit rule search has not been done.
#  File does not exist.
#  File has not been updated.

test/fast:
#  Phony target (prerequisite of .PHONY).
#  Implicit rule search has not been done.
#  File does not exist.
#  File has not been updated.
#  commands to execute (from `Makefile', line 139):
	$(MAKE) -f CMakeFiles/test.dir/build.make CMakeFiles/test.dir/build
	

tests/test_config.cc.i:
#  Phony target (prerequisite of .PHONY).
#  Implicit rule search has not been done.
#  File does not exist.
#  File has not been updated.
#  commands to execute (from `Makefile', line 278):
	$(MAKE) -f CMakeFiles/test_config.dir/build.make CMakeFiles/test_config.dir/tests/test_config.cc.i
	

tests/test_config.cc.o:
#  Phony target (prerequisite of .PHONY).
#  Implicit rule search has not been done.
#  File does not exist.
#  File has not been updated.
#  commands to execute (from `Makefile', line 269):
	$(MAKE) -f CMakeFiles/test_config.dir/build.make CMakeFiles/test_config.dir/tests/test_config.cc.o
	

test_config: cmake_check_build_system
#  Phony target (prerequisite of .PHONY).
#  Implicit rule search has not been done.
#  File does not exist.
#  File has not been updated.
#  commands to execute (from `Makefile', line 121):
	$(MAKE) -f CMakeFiles/Makefile2 test_config
	

sylar/config.cc.s:
#  Phony target (prerequisite of .PHONY).
#  Implicit rule search has not been done.
#  File does not exist.
#  File has not been updated.
#  commands to execute (from `Makefile', line 179):
	$(MAKE) -f CMakeFiles/sylar.dir/build.make CMakeFiles/sylar.dir/sylar/config.cc.s
	

edit_cache:
#  Phony target (prerequisite of .PHONY).
#  Implicit rule search has not been done.
#  File does not exist.
 
#  File has not been updated.
#  commands to execute (from `Makefile', line 75):
	@$(CMAKE_COMMAND) -E cmake_echo_color --switch=$(COLOR) --cyan "Running CMake cache editor..."
	/Applications/CMake.app/Contents/bin/ccmake -S$(CMAKE_SOURCE_DIR) -B$(CMAKE_BINARY_DIR)
	

sylar/log.i: sylar/log.cc.i
#  Phony target (prerequisite of .PHONY).
#  Implicit rule search has not been done.
#  File does not exist.
#  File has not been updated.

sylar/log.o: sylar/log.cc.o
#  Phony target (prerequisite of .PHONY).
#  Implicit rule search has not been done.
#  File does not exist.
#  File has not been updated.

all: cmake_check_build_system
#  Phony target (prerequisite of .PHONY).
#  Command-line target.
#  Implicit rule search has not been done.
#  File does not exist.
#  File has been updated.
#  Needs to be updated (-q is set).
# variable set hash-table stats:
# Load=0/32=0%, Rehash=0, Collisions=0/5=0%
#  commands to execute (from `Makefile', line 86):
	$(CMAKE_COMMAND) -E cmake_progress_start /Users/zhangli/dw/学习/程序/c:c++项目学习/cpp-framework/CMakeFiles /Users/zhangli/dw/学习/程序/c:c++项目学习/cpp-framework/CMakeFiles/progress.marks
	$(MAKE) -f CMakeFiles/Makefile2 all
	$(CMAKE_COMMAND) -E cmake_progress_start /Users/zhangli/dw/学习/程序/c:c++项目学习/cpp-framework/CMakeFiles 0
	

.PHONY: default_target cmake_force rebuild_cache rebuild_cache/fast edit_cache edit_cache/fast all clean clean/fast preinstall preinstall/fast depend test_config test_config/fast test test/fast sylar sylar/fast sylar/config.o sylar/config.cc.o sylar/config.i sylar/config.cc.i sylar/config.s sylar/config.cc.s sylar/log.o sylar/log.cc.o sylar/log.i sylar/log.cc.i sylar/log.s sylar/log.cc.s sylar/util.o sylar/util.cc.o sylar/util.i sylar/util.cc.i sylar/util.s sylar/util.cc.s tests/test.o tests/test.cc.o tests/test.i tests/test.cc.i tests/test.s tests/test.cc.s tests/test_config.o tests/test_config.cc.o tests/test_config.i tests/test_config.cc.i tests/test_config.s tests/test_config.cc.s help cmake_check_build_system
#  Implicit rule search has not been done.
#  Modification time never checked.
#  File has not been updated.

tests/test.i: tests/test.cc.i
#  Phony target (prerequisite of .PHONY).
#  Implicit rule search has not been done.
#  File does not exist.
#  File has not been updated.

tests/test.o: tests/test.cc.o
#  Phony target (prerequisite of .PHONY).
#  Implicit rule search has not been done.
#  File does not exist.
#  File has not been updated.

preinstall/fast:
#  Phony target (prerequisite of .PHONY).
#  Implicit rule search has not been done.
#  File does not exist.
#  File has not been updated.
#  commands to execute (from `Makefile', line 108):
	$(MAKE) -f CMakeFiles/Makefile2 preinstall
	

sylar/log.cc.i:
#  Phony target (prerequisite of .PHONY).
#  Implicit rule search has not been done.
#  File does not exist.
#  File has not been updated.
#  commands to execute (from `Makefile', line 197):
	$(MAKE) -f CMakeFiles/sylar.dir/build.make CMakeFiles/sylar.dir/sylar/log.cc.i
	

sylar: cmake_check_build_system
#  Phony target (prerequisite of .PHONY).
#  Implicit rule search has not been done.
#  File does not exist.
#  File has not been updated.
#  commands to execute (from `Makefile', line 147):
	$(MAKE) -f CMakeFiles/Makefile2 sylar
	

sylar/log.cc.o:
#  Phony target (prerequisite of .PHONY).
#  Implicit rule search has not been done.
#  File does not exist.
#  File has not been updated.
#  commands to execute (from `Makefile', line 188):
	$(MAKE) -f CMakeFiles/sylar.dir/build.make CMakeFiles/sylar.dir/sylar/log.cc.o
	

.SUFFIXES: .hpux_make_needs_suffix_list
#  Implicit rule search has not been done.
#  Modification time never checked.
#  File has not been updated.

tests/test_config.s: tests/test_config.cc.s
#  Phony target (prerequisite of .PHONY).
#  Implicit rule search has not been done.
#  File does not exist.
#  File has not been updated.

# Not a target:
Makefile:
#  Implicit rule search has been done.
#  Last modified 2022-06-24 18:59:47
#  File has been updated.
#  Successfully updated.
# variable set hash-table stats:
# Load=0/32=0%, Rehash=0, Collisions=0/0=0%

tests/test.cc.i:
#  Phony target (prerequisite of .PHONY).
#  Implicit rule search has not been done.
#  File does not exist.
#  File has not been updated.
#  commands to execute (from `Makefile', line 251):
	$(MAKE) -f CMakeFiles/test.dir/build.make CMakeFiles/test.dir/tests/test.cc.i
	

tests/test.cc.o:
#  Phony target (prerequisite of .PHONY).
#  Implicit rule search has not been done.
#  File does not exist.
#  File has not been updated.
#  commands to execute (from `Makefile', line 242):
	$(MAKE) -f CMakeFiles/test.dir/build.make CMakeFiles/test.dir/tests/test.cc.o
	

test: cmake_check_build_system
#  Phony target (prerequisite of .PHONY).
#  Implicit rule search has not been done.
#  File does not exist.
#  File has not been updated.
#  commands to execute (from `Makefile', line 134):
	$(MAKE) -f CMakeFiles/Makefile2 test
	

.NOTPARALLEL:
#  Implicit rule search has not been done.
#  Modification time never checked.
#  File has not been updated.

clean/fast: clean
#  Phony target (prerequisite of .PHONY).
#  Implicit rule search has not been done.
#  File does not exist.
#  File has not been updated.

tests/test_config.cc.s:
#  Phony target (prerequisite of .PHONY).
#  Implicit rule search has not been done.
#  File does not exist.
#  File has not been updated.
#  commands to execute (from `Makefile', line 287):
	$(MAKE) -f CMakeFiles/test_config.dir/build.make CMakeFiles/test_config.dir/tests/test_config.cc.s
	

cmake_check_build_system:
#  Phony target (prerequisite of .PHONY).
#  Implicit rule search has not been done.
#  Implicit/static pattern stem: `'
#  File does not exist.
#  File has been updated.
#  Needs to be updated (-q is set).
# automatic
# @ := cmake_check_build_system
# automatic
# % := 
# automatic
# * := 
# automatic
# + := 
# automatic
# | := 
# automatic
# < := 
# automatic
# ^ := 
# automatic
# ? := 
# variable set hash-table stats:
# Load=8/32=25%, Rehash=0, Collisions=3/13=23%
#  commands to execute (from `Makefile', line 327):
	$(CMAKE_COMMAND) -S$(CMAKE_SOURCE_DIR) -B$(CMAKE_BINARY_DIR) --check-build-system CMakeFiles/Makefile.cmake 0
	

sylar/log.s: sylar/log.cc.s
#  Phony target (prerequisite of .PHONY).
#  Implicit rule search has not been done.
#  File does not exist.
#  File has not been updated.

help:
#  Phony target (prerequisite of .PHONY).
#  Implicit rule search has not been done.
#  File does not exist.
#  File has not been updated.
#  commands to execute (from `Makefile', line 292):
	@echo "The following are some of the valid targets for this Makefile:"
	@echo "... all (the default if no target is provided)"
	@echo "... clean"
	@echo "... depend"
	@echo "... rebuild_cache"
	@echo "... edit_cache"
	@echo "... test_config"
	@echo "... test"
	@echo "... sylar"
	@echo "... sylar/config.o"
	@echo "... sylar/config.i"
	@echo "... sylar/config.s"
	@echo "... sylar/log.o"
	@echo "... sylar/log.i"
	@echo "... sylar/log.s"
	@echo "... sylar/util.o"
	@echo "... sylar/util.i"
	@echo "... sylar/util.s"
	@echo "... tests/test.o"
	@echo "... tests/test.i"
	@echo "... tests/test.s"
	@echo "... tests/test_config.o"
	@echo "... tests/test_config.i"
	@echo "... tests/test_config.s"
	

preinstall: all
#  Phony target (prerequisite of .PHONY).
#  Implicit rule search has not been done.
#  File does not exist.
#  File has not been updated.
#  commands to execute (from `Makefile', line 103):
	$(MAKE) -f CMakeFiles/Makefile2 preinstall
	

sylar/util.i: sylar/util.cc.i
#  Phony target (prerequisite of .PHONY).
#  Implicit rule search has not been done.
#  File does not exist.
#  File has not been updated.

sylar/util.o: sylar/util.cc.o
#  Phony target (prerequisite of .PHONY).
#  Implicit rule search has not been done.
#  File does not exist.
#  File has not been updated.

tests/test.s: tests/test.cc.s
#  Phony target (prerequisite of .PHONY).
#  Implicit rule search has not been done.
#  File does not exist.
#  File has not been updated.

1.SILENT:
#  Implicit rule search has not been done.
#  Modification time never checked.
 
#  File has not been updated.

depend:
#  Phony target (prerequisite of .PHONY).
#  Implicit rule search has not been done.
#  File does not exist.
#  File has not been updated.
#  commands to execute (from `Makefile', line 113):
	$(CMAKE_COMMAND) -S$(CMAKE_SOURCE_DIR) -B$(CMAKE_BINARY_DIR) --check-build-system CMakeFiles/Makefile.cmake 1
	

sylar/config.i: sylar/config.cc.i
#  Phony target (prerequisite of .PHONY).
#  Implicit rule search has not been done.
#  File does not exist.
#  File has not been updated.

sylar/config.o: sylar/config.cc.o
#  Phony target (prerequisite of .PHONY).
#  Implicit rule search has not been done.
#  File does not exist.
#  File has not been updated.

sylar/log.cc.s:
#  Phony target (prerequisite of .PHONY).
#  Implicit rule search has not been done.
#  File does not exist.
#  File has not been updated.
#  commands to execute (from `Makefile', line 206):
	$(MAKE) -f CMakeFiles/sylar.dir/build.make CMakeFiles/sylar.dir/sylar/log.cc.s
	

# Not a target:
.DEFAULT:
#  Implicit rule search has not been done.
#  Modification time never checked.
#  File has not been updated.

default_target: all
#  Phony target (prerequisite of .PHONY).
#  Implicit rule search has not been done.
#  File does not exist.
#  File has not been updated.

sylar/util.cc.i:
#  Phony target (prerequisite of .PHONY).
#  Implicit rule search has not been done.
#  File does not exist.
#  File has not been updated.
#  commands to execute (from `Makefile', line 224):
	$(MAKE) -f CMakeFiles/sylar.dir/build.make CMakeFiles/sylar.dir/sylar/util.cc.i
	

sylar/util.cc.o:
#  Phony target (prerequisite of .PHONY).
#  Implicit rule search has not been done.
#  File does not exist.
#  File has not been updated.
#  commands to execute (from `Makefile', line 215):
	$(MAKE) -f CMakeFiles/sylar.dir/build.make CMakeFiles/sylar.dir/sylar/util.cc.o
	

tests/test.cc.s:
#  Phony target (prerequisite of .PHONY).
#  Implicit rule search has not been done.
#  File does not exist.
#  File has not been updated.
#  commands to execute (from `Makefile', line 260):
	$(MAKE) -f CMakeFiles/test.dir/build.make CMakeFiles/test.dir/tests/test.cc.s
	

clean:
#  Phony target (prerequisite of .PHONY).
#  Implicit rule search has not been done.
#  File does not exist.
#  File has not been updated.
#  commands to execute (from `Makefile', line 93):
	$(MAKE) -f CMakeFiles/Makefile2 clean
	

sylar/config.cc.i:
#  Phony target (prerequisite of .PHONY).
#  Implicit rule search has not been done.
#  File does not exist.
#  File has not been updated.
#  commands to execute (from `Makefile', line 170):
	$(MAKE) -f CMakeFiles/sylar.dir/build.make CMakeFiles/sylar.dir/sylar/config.cc.i
	

sylar/config.cc.o:
#  Phony target (prerequisite of .PHONY).
#  Implicit rule search has not been done.
#  File does not exist.
#  File has not been updated.
#  commands to execute (from `Makefile', line 161):
	$(MAKE) -f CMakeFiles/sylar.dir/build.make CMakeFiles/sylar.dir/sylar/config.cc.o
	

rebuild_cache/fast: rebuild_cache
#  Phony target (prerequisite of .PHONY).
#  Implicit rule search has not been done.
#  File does not exist.
#  File has not been updated.

edit_cache/fast: edit_cache
#  Phony target (prerequisite of .PHONY).
#  Implicit rule search has not been done.
#  File does not exist.
#  File has not been updated.

test_config/fast:
#  Phony target (prerequisite of .PHONY).
#  Implicit rule search has not been done.
#  File does not exist.
#  File has not been updated.
#  commands to execute (from `Makefile', line 126):
	$(MAKE) -f CMakeFiles/test_config.dir/build.make CMakeFiles/test_config.dir/build
	

sylar/util.s: sylar/util.cc.s
#  Phony target (prerequisite of .PHONY).
#  Implicit rule search has not been done.
#  File does not exist.
#  File has not been updated.

# Not a target:
.hpux_make_needs_suffix_list:
#  Implicit rule search has not been done.
#  Modification time never checked.
#  File has not been updated.

sylar/fast:
#  Phony target (prerequisite of .PHONY).
#  Implicit rule search has not been done.
#  File does not exist.
#  File has not been updated.
#  commands to execute (from `Makefile', line 152):
	$(MAKE) -f CMakeFiles/sylar.dir/build.make CMakeFiles/sylar.dir/build
	

tests/test_config.i: tests/test_config.cc.i
#  Phony target (prerequisite of .PHONY).
#  Implicit rule search has not been done.
#  File does not exist.
#  File has not been updated.

tests/test_config.o: tests/test_config.cc.o
#  Phony target (prerequisite of .PHONY).
#  Implicit rule search has not been done.
#  File does not exist.
#  File has not been updated.

sylar/config.s: sylar/config.cc.s
#  Phony target (prerequisite of .PHONY).
#  Implicit rule search has not been done.
#  File does not exist.
#  File has not been updated.

sylar/util.cc.s:
#  Phony target (prerequisite of .PHONY).
#  Implicit rule search has not been done.
#  File does not exist.
#  File has not been updated.
#  commands to execute (from `Makefile', line 233):
	$(MAKE) -f CMakeFiles/sylar.dir/build.make CMakeFiles/sylar.dir/sylar/util.cc.s
	

rebuild_cache:
#  Phony target (prerequisite of .PHONY).
#  Implicit rule search has not been done.
#  File does not exist.
#  File has not been updated.
#  commands to execute (from `Makefile', line 64):
	@$(CMAKE_COMMAND) -E cmake_echo_color --switch=$(COLOR) --cyan "Running CMake to regenerate build system..."
	/Applications/CMake.app/Contents/bin/cmake -S$(CMAKE_SOURCE_DIR) -B$(CMAKE_BINARY_DIR)
	

# files hash-table stats:
# Load=57/1024=6%, Rehash=0, Collisions=4/197=2%
# VPATH Search Paths

# No `vpath' search paths.

# No general (`VPATH' variable) search path.

# # of strings in strcache: 1
# # of strcache buffers: 1
# strcache size: total = 4096 / max = 4096 / min = 4096 / avg = 4096
# strcache free: total = 4087 / max = 4087 / min = 4087 / avg = 4087

# Finished Make data base on Sun Jun 26 09:38:18 2022

 
